<?xml version="1.0" encoding="UTF-8"?>
<testsuite xmlns:xsi="http://www.w3.org/2001/XMLSchema-instance" xsi:noNamespaceSchemaLocation="https://maven.apache.org/surefire/maven-surefire-plugin/xsd/surefire-test-report.xsd" name="TimerBasicTests" time="0.07" tests="9" errors="0" skipped="0" failures="0">
  <properties>
[...]
</properties>
  <testcase name="TestMinutes" classname="TimerBasicTests" time="0.025"/>
  <testcase name="TestDays" classname="TimerBasicTests" time="0.002"/>
  <testcase name="TestZero" classname="TimerBasicTests" time="0.003"/>
  <testcase name="shouldThrowExceptionWithMessage" classname="TimerBasicTests" time="0.003"/>
  <testcase name="TestSeconds" classname="TimerBasicTests" time="0.002"/>
  <testcase name="TestMillis" classname="TimerBasicTests" time="0.001"/>
  <testcase name="TestIntegrated" classname="TimerBasicTests" time="0.001"/>
  <testcase name="TestHours" classname="TimerBasicTests" time="0.001"/>
  <testcase name="shouldThrowException" classname="TimerBasicTests" time="0.004"/>
</testsuite>