<?xml version="1.0" encoding="UTF-8"?>
<testng-results ignored="0" total="1" passed="1" failed="0" skipped="0">
  <reporter-output>
  </reporter-output>
  <suite started-at="2022-03-22T14:32:01 ART" name="KMPTest" finished-at="2022-03-22T14:32:01 ART" duration-ms="27">
    <groups>
    </groups>
    <test started-at="2022-03-22T14:32:01 ART" name="Command line test" finished-at="2022-03-22T14:32:01 ART" duration-ms="27">
      <class name="KMPTest">
        <test-method signature="KMPTest()[pri:0, instance:KMPTest@cb51256]" started-at="2022-03-22T14:32:01 ART" name="KMPTest" finished-at="2022-03-22T14:32:01 ART" duration-ms="5" status="PASS">
          <reporter-output>
          </reporter-output>
        </test-method> <!-- KMPTest -->
      </class> <!-- KMPTest -->
    </test> <!-- Command line test -->
  </suite> <!-- KMPTest -->
</testng-results>
